<?xml version="1.0" encoding="UTF-8"?>
<testng-results ignored="0" total="4" passed="4" failed="0" skipped="0">
  <reporter-output>
  </reporter-output>
  <suite started-at="2022-11-15T23:21:13 IST" name="Default suite" finished-at="2022-11-15T23:22:10 IST" duration-ms="56986">
    <groups>
      <group name="cucumber">
        <method signature="AbstractTestNGCucumberTests.runScenario(io.cucumber.testng.PickleWrapper,io.cucumber.testng.FeatureWrapper)[pri:0, instance:testRunner.TestRunner@21e360a]" name="runScenario" class="io.cucumber.testng.AbstractTestNGCucumberTests"/>
      </group> <!-- cucumber -->
    </groups>
    <test started-at="2022-11-15T23:21:13 IST" name="Default test" finished-at="2022-11-15T23:22:10 IST" duration-ms="56986">
      <class name="testRunner.TestRunner">
        <test-method is-config="true" signature="setUpClass()[pri:0, instance:testRunner.TestRunner@21e360a]" started-at="2022-11-15T23:21:13 IST" name="setUpClass" finished-at="2022-11-15T23:21:15 IST" duration-ms="2187" status="PASS">
          <reporter-output>
          </reporter-output>
        </test-method> <!-- setUpClass -->
        <test-method signature="runScenario(io.cucumber.testng.PickleWrapper,io.cucumber.testng.FeatureWrapper)[pri:0, instance:testRunner.TestRunner@21e360a]" started-at="2022-11-15T23:21:15 IST" name="runScenario" description="Runs Cucumber Scenarios" data-provider="scenarios" finished-at="2022-11-15T23:21:37 IST" duration-ms="22031" status="PASS">
          <params>
            <param index="0">
              <value>
                <![CDATA["Check that user is able to navigate to ebay homepage"]]>
              </value>
            </param>
            <param index="1">
              <value>
                <![CDATA["Optional[eBay Selling]"]]>
              </value>
            </param>
          </params>
          <reporter-output>
          </reporter-output>
        </test-method> <!-- runScenario -->
        <test-method signature="runScenario(io.cucumber.testng.PickleWrapper,io.cucumber.testng.FeatureWrapper)[pri:0, instance:testRunner.TestRunner@21e360a]" started-at="2022-11-15T23:21:37 IST" name="runScenario" description="Runs Cucumber Scenarios" data-provider="scenarios" finished-at="2022-11-15T23:21:56 IST" duration-ms="18633" status="PASS">
          <params>
            <param index="0">
              <value>
                <![CDATA["Check that user is able to sell a product"]]>
              </value>
            </param>
            <param index="1">
              <value>
                <![CDATA["Optional[eBay Selling]"]]>
              </value>
            </param>
          </params>
          <reporter-output>
          </reporter-output>
        </test-method> <!-- runScenario -->
        <test-method signature="runScenario(io.cucumber.testng.PickleWrapper,io.cucumber.testng.FeatureWrapper)[pri:0, instance:testRunner.TestRunner@21e360a]" started-at="2022-11-15T23:21:56 IST" name="runScenario" description="Runs Cucumber Scenarios" data-provider="scenarios" finished-at="2022-11-15T23:22:02 IST" duration-ms="6321" status="PASS">
          <params>
            <param index="0">
              <value>
                <![CDATA["Check that user able to continue to listing"]]>
              </value>
            </param>
            <param index="1">
              <value>
                <![CDATA["Optional[eBay Selling]"]]>
              </value>
            </param>
          </params>
          <reporter-output>
          </reporter-output>
        </test-method> <!-- runScenario -->
        <test-method signature="runScenario(io.cucumber.testng.PickleWrapper,io.cucumber.testng.FeatureWrapper)[pri:0, instance:testRunner.TestRunner@21e360a]" started-at="2022-11-15T23:22:02 IST" name="runScenario" description="Runs Cucumber Scenarios" data-provider="scenarios" finished-at="2022-11-15T23:22:09 IST" duration-ms="7233" status="PASS">
          <params>
            <param index="0">
              <value>
                <![CDATA["verify that the user is able to marketing tools for selling the products"]]>
              </value>
            </param>
            <param index="1">
              <value>
                <![CDATA["Optional[eBay Selling]"]]>
              </value>
            </param>
          </params>
          <reporter-output>
          </reporter-output>
        </test-method> <!-- runScenario -->
        <test-method is-config="true" signature="tearDownClass()[pri:0, instance:testRunner.TestRunner@21e360a]" started-at="2022-11-15T23:22:09 IST" name="tearDownClass" finished-at="2022-11-15T23:22:09 IST" duration-ms="314" status="PASS">
          <reporter-output>
          </reporter-output>
        </test-method> <!-- tearDownClass -->
      </class> <!-- testRunner.TestRunner -->
    </test> <!-- Default test -->
  </suite> <!-- Default suite -->
</testng-results>
